c:\users\asus\source\repos\assignment task 2\assignment task 2\x64\debug\vc143.pdb
c:\users\asus\source\repos\assignment task 2\assignment task 2\x64\debug\vc143.idb
c:\users\asus\source\repos\assignment task 2\assignment task 2\x64\debug\task1.obj
c:\users\asus\source\repos\assignment task 2\assignment task 2\x64\debug\task4.obj
c:\users\asus\source\repos\assignment task 2\assignment task 2\x64\debug\task3.obj
c:\users\asus\source\repos\assignment task 2\assignment task 2\x64\debug\task2.obj
c:\users\asus\source\repos\assignment task 2\assignment task 2\x64\debug\main.obj
c:\users\asus\source\repos\assignment task 2\x64\debug\assignment task 2.exe
c:\users\asus\source\repos\assignment task 2\x64\debug\assignment task 2.pdb
c:\users\asus\source\repos\assignment task 2\assignment task 2\x64\debug\assignment task 2.res
c:\users\asus\source\repos\assignment task 2\assignment task 2\x64\debug\assignment task 2.ilk
c:\users\asus\source\repos\assignment task 2\assignment task 2\x64\debug\assignme.92bc5bdf.tlog\cl.command.1.tlog
c:\users\asus\source\repos\assignment task 2\assignment task 2\x64\debug\assignme.92bc5bdf.tlog\cl.items.tlog
c:\users\asus\source\repos\assignment task 2\assignment task 2\x64\debug\assignme.92bc5bdf.tlog\cl.read.1.tlog
c:\users\asus\source\repos\assignment task 2\assignment task 2\x64\debug\assignme.92bc5bdf.tlog\cl.write.1.tlog
c:\users\asus\source\repos\assignment task 2\assignment task 2\x64\debug\assignme.92bc5bdf.tlog\link.command.1.tlog
c:\users\asus\source\repos\assignment task 2\assignment task 2\x64\debug\assignme.92bc5bdf.tlog\link.read.1.tlog
c:\users\asus\source\repos\assignment task 2\assignment task 2\x64\debug\assignme.92bc5bdf.tlog\link.secondary.1.tlog
c:\users\asus\source\repos\assignment task 2\assignment task 2\x64\debug\assignme.92bc5bdf.tlog\link.write.1.tlog
c:\users\asus\source\repos\assignment task 2\assignment task 2\x64\debug\assignme.92bc5bdf.tlog\rc.command.1.tlog
c:\users\asus\source\repos\assignment task 2\assignment task 2\x64\debug\assignme.92bc5bdf.tlog\rc.read.1.tlog
c:\users\asus\source\repos\assignment task 2\assignment task 2\x64\debug\assignme.92bc5bdf.tlog\rc.write.1.tlog
